Base path: C:/Program Files (x86)/Unity/Editor/Data
Pipe name: \\.\pipe\UnityShaderCompiler-1-15300
Cmd: getPlatforms
Cmd: preprocess
  insize=525 outsize=1272 ok=1
Cmd: compileSnippet
  api=4 type=0 insize=4280 outsize=2607 kw=DIRECTIONAL SHADOWS_OFF LIGHTMAP_OFF DIRLIGHTMAP_OFF ok=1
Cmd: compileSnippet
  api=4 type=1 insize=4280 outsize=1242 kw=DIRECTIONAL SHADOWS_OFF LIGHTMAP_OFF DIRLIGHTMAP_OFF ok=1
Cmd: compileSnippet
  api=4 type=0 insize=2256 outsize=2875 kw=POINT ok=1
Cmd: compileSnippet
  api=4 type=1 insize=2256 outsize=1542 kw=POINT ok=1
Cmd: compileSnippet
  api=4 type=0 insize=1784 outsize=1477 kw= ok=1
Cmd: compileSnippet
  api=4 type=1 insize=1784 outsize=632 kw= ok=1
Cmd: compileSnippet
  api=4 type=0 insize=3997 outsize=2883 kw=LIGHTMAP_OFF DIRLIGHTMAP_OFF HDR_LIGHT_PREPASS_OFF ok=1
Cmd: compileSnippet
  api=4 type=1 insize=3997 outsize=1152 kw=LIGHTMAP_OFF DIRLIGHTMAP_OFF HDR_LIGHT_PREPASS_OFF ok=1
